<?xml version="1.0" encoding="UTF-8"?>
<robot generator="Robot 5.0 (Python 3.10.4 on win32)" generated="20220421 15:14:59.652" rpa="false" schemaversion="3">
<suite id="s1" name="Test" source="C:\Users\timez\Desktop\robottest\test.robot">
<test id="s1-t1" name="Test google search" line="19">
<kw name="Open google">
<kw name="Open Browser" library="Selenium2Library">
<arg>${URL}</arg>
<arg>${BROWSER}</arg>
<doc>Opens a new browser instance to the optional ``url``.</doc>
<msg timestamp="20220421 15:14:59.872" level="INFO">Opening browser 'chrome' to base url 'http://www.google.com'.</msg>
<status status="PASS" starttime="20220421 15:14:59.871" endtime="20220421 15:15:02.247"/>
</kw>
<status status="PASS" starttime="20220421 15:14:59.871" endtime="20220421 15:15:02.247"/>
</kw>
<kw name="Search for">
<arg>test</arg>
<kw name="Input Text" library="Selenium2Library">
<arg>q</arg>
<arg>${SEARCH_TERM}</arg>
<doc>Types the given ``text`` into the text field identified by ``locator``.</doc>
<msg timestamp="20220421 15:15:02.248" level="INFO">Typing text 'test' into text field 'q'.</msg>
<status status="PASS" starttime="20220421 15:15:02.248" endtime="20220421 15:15:02.323"/>
</kw>
<kw name="Press Keys" library="Selenium2Library">
<arg>q</arg>
<arg>ENTER</arg>
<doc>Simulates the user pressing key(s) to an element or on the active browser.</doc>
<msg timestamp="20220421 15:15:02.323" level="INFO">Sending key(s) ('ENTER',) to q element.</msg>
<msg timestamp="20220421 15:15:02.599" level="INFO">Pressing special key ENTER to element.</msg>
<msg timestamp="20220421 15:15:02.599" level="INFO">Releasing special key ENTER.</msg>
<status status="PASS" starttime="20220421 15:15:02.323" endtime="20220421 15:15:03.853"/>
</kw>
<kw name="Wait Until Page Contains" library="Selenium2Library">
<arg>test</arg>
<doc>Waits until ``text`` appears on the current page.</doc>
<status status="PASS" starttime="20220421 15:15:03.853" endtime="20220421 15:15:03.874"/>
</kw>
<status status="PASS" starttime="20220421 15:15:02.247" endtime="20220421 15:15:03.874"/>
</kw>
<status status="PASS" starttime="20220421 15:14:59.871" endtime="20220421 15:15:03.875"/>
</test>
<status status="PASS" starttime="20220421 15:14:59.654" endtime="20220421 15:15:03.877"/>
</suite>
<statistics>
<total>
<stat pass="1" fail="0" skip="0">All Tests</stat>
</total>
<tag>
</tag>
<suite>
<stat pass="1" fail="0" skip="0" id="s1" name="Test">Test</stat>
</suite>
</statistics>
<errors>
</errors>
</robot>
